The system is: Darwin - 15.0.0 - x86_64
Compiling the C compiler identification source file "CMakeCCompilerId.c" succeeded.
Compiler: /usr/local/bin/gcc 
Build flags: 
Id flags: 

The output was:
0


Compilation of the C compiler identification source "CMakeCCompilerId.c" produced "a.out"

The C compiler identification is GNU, found in "/Users/jamesmckay/Documents/Programs/relic_density/build/CMakeFiles/3.4.0/CompilerIdC/a.out"

Compiling the CXX compiler identification source file "CMakeCXXCompilerId.cpp" succeeded.
Compiler: /usr/local/bin/g++ 
Build flags: 
Id flags: 

The output was:
0


Compilation of the CXX compiler identification source "CMakeCXXCompilerId.cpp" produced "a.out"

The CXX compiler identification is GNU, found in "/Users/jamesmckay/Documents/Programs/relic_density/build/CMakeFiles/3.4.0/CompilerIdCXX/a.out"

Determining if the C compiler works passed with the following output:
Change Dir: /Users/jamesmckay/Documents/Programs/relic_density/build/CMakeFiles/CMakeTmp

Run Build Command:"/usr/bin/make" "cmTC_0e4cc/fast"
/Applications/Xcode.app/Contents/Developer/usr/bin/make -f CMakeFiles/cmTC_0e4cc.dir/build.make CMakeFiles/cmTC_0e4cc.dir/build
Building C object CMakeFiles/cmTC_0e4cc.dir/testCCompiler.c.o
/usr/local/bin/gcc     -o CMakeFiles/cmTC_0e4cc.dir/testCCompiler.c.o   -c /Users/jamesmckay/Documents/Programs/relic_density/build/CMakeFiles/CMakeTmp/testCCompiler.c
Linking C executable cmTC_0e4cc
/usr/local/Cellar/cmake/3.4.0/bin/cmake -E cmake_link_script CMakeFiles/cmTC_0e4cc.dir/link.txt --verbose=1
/usr/local/bin/gcc    -Wl,-search_paths_first -Wl,-headerpad_max_install_names   CMakeFiles/cmTC_0e4cc.dir/testCCompiler.c.o  -o cmTC_0e4cc  


Detecting C compiler ABI info compiled with the following output:
Change Dir: /Users/jamesmckay/Documents/Programs/relic_density/build/CMakeFiles/CMakeTmp

Run Build Command:"/usr/bin/make" "cmTC_73417/fast"
/Applications/Xcode.app/Contents/Developer/usr/bin/make -f CMakeFiles/cmTC_73417.dir/build.make CMakeFiles/cmTC_73417.dir/build
Building C object CMakeFiles/cmTC_73417.dir/CMakeCCompilerABI.c.o
/usr/local/bin/gcc     -o CMakeFiles/cmTC_73417.dir/CMakeCCompilerABI.c.o   -c /usr/local/Cellar/cmake/3.4.0/share/cmake/Modules/CMakeCCompilerABI.c
Linking C executable cmTC_73417
/usr/local/Cellar/cmake/3.4.0/bin/cmake -E cmake_link_script CMakeFiles/cmTC_73417.dir/link.txt --verbose=1
/usr/local/bin/gcc    -Wl,-search_paths_first -Wl,-headerpad_max_install_names  -v -Wl,-v CMakeFiles/cmTC_73417.dir/CMakeCCompilerABI.c.o  -o cmTC_73417   
Using built-in specs.
COLLECT_GCC=/usr/local/bin/gcc
COLLECT_LTO_WRAPPER=/usr/local/Cellar/gcc48/4.8.4/libexec/gcc/x86_64-apple-darwin15.0.0/4.8.4/lto-wrapper
Target: x86_64-apple-darwin15.0.0
Configured with: ../configure --build=x86_64-apple-darwin15.0.0 --prefix=/usr/local/Cellar/gcc48/4.8.4 --libdir=/usr/local/Cellar/gcc48/4.8.4/lib/gcc/4.8 --enable-languages=c,c++,objc,obj-c++ --program-suffix=-4.8 --with-gmp=/usr/local/opt/gmp4 --with-mpfr=/usr/local/opt/mpfr2 --with-mpc=/usr/local/opt/libmpc08 --with-cloog=/usr/local/opt/cloog018 --with-isl=/usr/local/opt/isl011 --with-system-zlib --enable-libstdcxx-time=yes --enable-stage1-checking --enable-checking=release --enable-lto --disable-werror --with-pkgversion='Homebrew gcc48 4.8.4' --with-bugurl=https://github.com/Homebrew/homebrew-versions/issues --with-build-config=bootstrap-debug --enable-plugin --disable-nls --enable-multilib
Thread model: posix
gcc version 4.8.4 (Homebrew gcc48 4.8.4) 
COMPILER_PATH=/usr/local/Cellar/gcc48/4.8.4/libexec/gcc/x86_64-apple-darwin15.0.0/4.8.4/:/usr/local/Cellar/gcc48/4.8.4/libexec/gcc/x86_64-apple-darwin15.0.0/4.8.4/:/usr/local/Cellar/gcc48/4.8.4/libexec/gcc/x86_64-apple-darwin15.0.0/:/usr/local/Cellar/gcc48/4.8.4/lib/gcc/4.8/gcc/x86_64-apple-darwin15.0.0/4.8.4/:/usr/local/Cellar/gcc48/4.8.4/lib/gcc/4.8/gcc/x86_64-apple-darwin15.0.0/
LIBRARY_PATH=/usr/local/lib/gcc/5/:/usr/local/Cellar/gcc48/4.8.4/lib/gcc/4.8/gcc/x86_64-apple-darwin15.0.0/4.8.4/:/usr/local/Cellar/gcc48/4.8.4/lib/gcc/4.8/gcc/x86_64-apple-darwin15.0.0/4.8.4/../../../:/usr/lib/
COLLECT_GCC_OPTIONS='-mmacosx-version-min=10.11.0' '-v' '-o' 'cmTC_73417' '-mtune=core2'
 /usr/local/Cellar/gcc48/4.8.4/libexec/gcc/x86_64-apple-darwin15.0.0/4.8.4/collect2 -dynamic -arch x86_64 -macosx_version_min 10.11.0 -weak_reference_mismatches non-weak -o cmTC_73417 -L/usr/local/lib/gcc/5 -L/usr/local/Cellar/gcc48/4.8.4/lib/gcc/4.8/gcc/x86_64-apple-darwin15.0.0/4.8.4 -L/usr/local/Cellar/gcc48/4.8.4/lib/gcc/4.8/gcc/x86_64-apple-darwin15.0.0/4.8.4/../../.. -search_paths_first -headerpad_max_install_names -v CMakeFiles/cmTC_73417.dir/CMakeCCompilerABI.c.o -no_compact_unwind -lSystem -lgcc_ext.10.5 -lgcc -lSystem -v
collect2 version 4.8.4
/usr/bin/ld -dynamic -arch x86_64 -macosx_version_min 10.11.0 -weak_reference_mismatches non-weak -o cmTC_73417 -L/usr/local/lib/gcc/5 -L/usr/local/Cellar/gcc48/4.8.4/lib/gcc/4.8/gcc/x86_64-apple-darwin15.0.0/4.8.4 -L/usr/local/Cellar/gcc48/4.8.4/lib/gcc/4.8/gcc/x86_64-apple-darwin15.0.0/4.8.4/../../.. -search_paths_first -headerpad_max_install_names -v CMakeFiles/cmTC_73417.dir/CMakeCCompilerABI.c.o -no_compact_unwind -lSystem -lgcc_ext.10.5 -lgcc -lSystem -v
@(#)PROGRAM:ld  PROJECT:ld64-253.9
configured to support archs: armv6 armv7 armv7s arm64 i386 x86_64 x86_64h armv6m armv7k armv7m armv7em (tvOS)
@(#)PROGRAM:ld  PROJECT:ld64-253.9
configured to support archs: armv6 armv7 armv7s arm64 i386 x86_64 x86_64h armv6m armv7k armv7m armv7em (tvOS)
Library search paths:
	/usr/local/lib/gcc/5
	/usr/local/Cellar/gcc48/4.8.4/lib/gcc/4.8/gcc/x86_64-apple-darwin15.0.0/4.8.4
	/usr/local/Cellar/gcc48/4.8.4/lib/gcc/4.8
	/usr/lib
	/usr/local/lib
Framework search paths:
	/Library/Frameworks/
	/System/Library/Frameworks/


Parsed C implicit link information from above output:
  link line regex: [^( *|.*[/\])(ld|([^/\]+-)?ld|collect2)[^/\]*( |$)]
  ignore line: [Change Dir: /Users/jamesmckay/Documents/Programs/relic_density/build/CMakeFiles/CMakeTmp]
  ignore line: []
  ignore line: [Run Build Command:"/usr/bin/make" "cmTC_73417/fast"]
  ignore line: [/Applications/Xcode.app/Contents/Developer/usr/bin/make -f CMakeFiles/cmTC_73417.dir/build.make CMakeFiles/cmTC_73417.dir/build]
  ignore line: [Building C object CMakeFiles/cmTC_73417.dir/CMakeCCompilerABI.c.o]
  ignore line: [/usr/local/bin/gcc     -o CMakeFiles/cmTC_73417.dir/CMakeCCompilerABI.c.o   -c /usr/local/Cellar/cmake/3.4.0/share/cmake/Modules/CMakeCCompilerABI.c]
  ignore line: [Linking C executable cmTC_73417]
  ignore line: [/usr/local/Cellar/cmake/3.4.0/bin/cmake -E cmake_link_script CMakeFiles/cmTC_73417.dir/link.txt --verbose=1]
  ignore line: [/usr/local/bin/gcc    -Wl,-search_paths_first -Wl,-headerpad_max_install_names  -v -Wl,-v CMakeFiles/cmTC_73417.dir/CMakeCCompilerABI.c.o  -o cmTC_73417   ]
  ignore line: [Using built-in specs.]
  ignore line: [COLLECT_GCC=/usr/local/bin/gcc]
  ignore line: [COLLECT_LTO_WRAPPER=/usr/local/Cellar/gcc48/4.8.4/libexec/gcc/x86_64-apple-darwin15.0.0/4.8.4/lto-wrapper]
  ignore line: [Target: x86_64-apple-darwin15.0.0]
  ignore line: [Configured with: ../configure --build=x86_64-apple-darwin15.0.0 --prefix=/usr/local/Cellar/gcc48/4.8.4 --libdir=/usr/local/Cellar/gcc48/4.8.4/lib/gcc/4.8 --enable-languages=c,c++,objc,obj-c++ --program-suffix=-4.8 --with-gmp=/usr/local/opt/gmp4 --with-mpfr=/usr/local/opt/mpfr2 --with-mpc=/usr/local/opt/libmpc08 --with-cloog=/usr/local/opt/cloog018 --with-isl=/usr/local/opt/isl011 --with-system-zlib --enable-libstdcxx-time=yes --enable-stage1-checking --enable-checking=release --enable-lto --disable-werror --with-pkgversion='Homebrew gcc48 4.8.4' --with-bugurl=https://github.com/Homebrew/homebrew-versions/issues --with-build-config=bootstrap-debug --enable-plugin --disable-nls --enable-multilib]
  ignore line: [Thread model: posix]
  ignore line: [gcc version 4.8.4 (Homebrew gcc48 4.8.4) ]
  ignore line: [COMPILER_PATH=/usr/local/Cellar/gcc48/4.8.4/libexec/gcc/x86_64-apple-darwin15.0.0/4.8.4/:/usr/local/Cellar/gcc48/4.8.4/libexec/gcc/x86_64-apple-darwin15.0.0/4.8.4/:/usr/local/Cellar/gcc48/4.8.4/libexec/gcc/x86_64-apple-darwin15.0.0/:/usr/local/Cellar/gcc48/4.8.4/lib/gcc/4.8/gcc/x86_64-apple-darwin15.0.0/4.8.4/:/usr/local/Cellar/gcc48/4.8.4/lib/gcc/4.8/gcc/x86_64-apple-darwin15.0.0/]
  ignore line: [LIBRARY_PATH=/usr/local/lib/gcc/5/:/usr/local/Cellar/gcc48/4.8.4/lib/gcc/4.8/gcc/x86_64-apple-darwin15.0.0/4.8.4/:/usr/local/Cellar/gcc48/4.8.4/lib/gcc/4.8/gcc/x86_64-apple-darwin15.0.0/4.8.4/../../../:/usr/lib/]
  ignore line: [COLLECT_GCC_OPTIONS='-mmacosx-version-min=10.11.0' '-v' '-o' 'cmTC_73417' '-mtune=core2']
  link line: [ /usr/local/Cellar/gcc48/4.8.4/libexec/gcc/x86_64-apple-darwin15.0.0/4.8.4/collect2 -dynamic -arch x86_64 -macosx_version_min 10.11.0 -weak_reference_mismatches non-weak -o cmTC_73417 -L/usr/local/lib/gcc/5 -L/usr/local/Cellar/gcc48/4.8.4/lib/gcc/4.8/gcc/x86_64-apple-darwin15.0.0/4.8.4 -L/usr/local/Cellar/gcc48/4.8.4/lib/gcc/4.8/gcc/x86_64-apple-darwin15.0.0/4.8.4/../../.. -search_paths_first -headerpad_max_install_names -v CMakeFiles/cmTC_73417.dir/CMakeCCompilerABI.c.o -no_compact_unwind -lSystem -lgcc_ext.10.5 -lgcc -lSystem -v]
    arg [/usr/local/Cellar/gcc48/4.8.4/libexec/gcc/x86_64-apple-darwin15.0.0/4.8.4/collect2] ==> ignore
    arg [-dynamic] ==> ignore
    arg [-arch] ==> ignore
    arg [x86_64] ==> ignore
    arg [-macosx_version_min] ==> ignore
    arg [10.11.0] ==> ignore
    arg [-weak_reference_mismatches] ==> ignore
    arg [non-weak] ==> ignore
    arg [-o] ==> ignore
    arg [cmTC_73417] ==> ignore
    arg [-L/usr/local/lib/gcc/5] ==> dir [/usr/local/lib/gcc/5]
    arg [-L/usr/local/Cellar/gcc48/4.8.4/lib/gcc/4.8/gcc/x86_64-apple-darwin15.0.0/4.8.4] ==> dir [/usr/local/Cellar/gcc48/4.8.4/lib/gcc/4.8/gcc/x86_64-apple-darwin15.0.0/4.8.4]
    arg [-L/usr/local/Cellar/gcc48/4.8.4/lib/gcc/4.8/gcc/x86_64-apple-darwin15.0.0/4.8.4/../../..] ==> dir [/usr/local/Cellar/gcc48/4.8.4/lib/gcc/4.8/gcc/x86_64-apple-darwin15.0.0/4.8.4/../../..]
    arg [-search_paths_first] ==> ignore
    arg [-headerpad_max_install_names] ==> ignore
    arg [-v] ==> ignore
    arg [CMakeFiles/cmTC_73417.dir/CMakeCCompilerABI.c.o] ==> ignore
    arg [-no_compact_unwind] ==> ignore
    arg [-lSystem] ==> lib [System]
    arg [-lgcc_ext.10.5] ==> lib [gcc_ext.10.5]
    arg [-lgcc] ==> lib [gcc]
    arg [-lSystem] ==> lib [System]
    arg [-v] ==> ignore
  Library search paths: [;/usr/local/lib/gcc/5;/usr/local/Cellar/gcc48/4.8.4/lib/gcc/4.8/gcc/x86_64-apple-darwin15.0.0/4.8.4;/usr/local/Cellar/gcc48/4.8.4/lib/gcc/4.8;/usr/lib;/usr/local/lib]
  Framework search paths: [;/Library/Frameworks/;/System/Library/Frameworks/]
  remove lib [System]
  remove lib [gcc_ext.10.5]
  remove lib [gcc]
  remove lib [System]
  collapse library dir [/usr/local/lib/gcc/5] ==> [/usr/local/lib/gcc/5]
  collapse library dir [/usr/local/Cellar/gcc48/4.8.4/lib/gcc/4.8/gcc/x86_64-apple-darwin15.0.0/4.8.4] ==> [/usr/local/Cellar/gcc48/4.8.4/lib/gcc/4.8/gcc/x86_64-apple-darwin15.0.0/4.8.4]
  collapse library dir [/usr/local/Cellar/gcc48/4.8.4/lib/gcc/4.8/gcc/x86_64-apple-darwin15.0.0/4.8.4/../../..] ==> [/usr/local/Cellar/gcc48/4.8.4/lib/gcc/4.8]
  collapse library dir [/usr/local/lib/gcc/5] ==> [/usr/local/lib/gcc/5]
  collapse library dir [/usr/local/Cellar/gcc48/4.8.4/lib/gcc/4.8/gcc/x86_64-apple-darwin15.0.0/4.8.4] ==> [/usr/local/Cellar/gcc48/4.8.4/lib/gcc/4.8/gcc/x86_64-apple-darwin15.0.0/4.8.4]
  collapse library dir [/usr/local/Cellar/gcc48/4.8.4/lib/gcc/4.8] ==> [/usr/local/Cellar/gcc48/4.8.4/lib/gcc/4.8]
  collapse library dir [/usr/lib] ==> [/usr/lib]
  collapse library dir [/usr/local/lib] ==> [/usr/local/lib]
  collapse framework dir [/Library/Frameworks/] ==> [/Library/Frameworks]
  collapse framework dir [/System/Library/Frameworks/] ==> [/System/Library/Frameworks]
  implicit libs: []
  implicit dirs: [/usr/local/lib/gcc/5;/usr/local/Cellar/gcc48/4.8.4/lib/gcc/4.8/gcc/x86_64-apple-darwin15.0.0/4.8.4;/usr/local/Cellar/gcc48/4.8.4/lib/gcc/4.8;/usr/lib;/usr/local/lib]
  implicit fwks: [/Library/Frameworks;/System/Library/Frameworks]




Detecting C [-std=c11] compiler features compiled with the following output:
Change Dir: /Users/jamesmckay/Documents/Programs/relic_density/build/CMakeFiles/CMakeTmp

Run Build Command:"/usr/bin/make" "cmTC_d3f42/fast"
/Applications/Xcode.app/Contents/Developer/usr/bin/make -f CMakeFiles/cmTC_d3f42.dir/build.make CMakeFiles/cmTC_d3f42.dir/build
Building C object CMakeFiles/cmTC_d3f42.dir/feature_tests.c.o
/usr/local/bin/gcc    -std=c11 -o CMakeFiles/cmTC_d3f42.dir/feature_tests.c.o   -c /Users/jamesmckay/Documents/Programs/relic_density/build/CMakeFiles/feature_tests.c
Linking C executable cmTC_d3f42
/usr/local/Cellar/cmake/3.4.0/bin/cmake -E cmake_link_script CMakeFiles/cmTC_d3f42.dir/link.txt --verbose=1
/usr/local/bin/gcc    -Wl,-search_paths_first -Wl,-headerpad_max_install_names   CMakeFiles/cmTC_d3f42.dir/feature_tests.c.o  -o cmTC_d3f42  


    Feature record: C_FEATURE:1c_function_prototypes
    Feature record: C_FEATURE:1c_restrict
    Feature record: C_FEATURE:1c_static_assert
    Feature record: C_FEATURE:1c_variadic_macros


Detecting C [-std=c99] compiler features compiled with the following output:
Change Dir: /Users/jamesmckay/Documents/Programs/relic_density/build/CMakeFiles/CMakeTmp

Run Build Command:"/usr/bin/make" "cmTC_eb698/fast"
/Applications/Xcode.app/Contents/Developer/usr/bin/make -f CMakeFiles/cmTC_eb698.dir/build.make CMakeFiles/cmTC_eb698.dir/build
Building C object CMakeFiles/cmTC_eb698.dir/feature_tests.c.o
/usr/local/bin/gcc    -std=c99 -o CMakeFiles/cmTC_eb698.dir/feature_tests.c.o   -c /Users/jamesmckay/Documents/Programs/relic_density/build/CMakeFiles/feature_tests.c
Linking C executable cmTC_eb698
/usr/local/Cellar/cmake/3.4.0/bin/cmake -E cmake_link_script CMakeFiles/cmTC_eb698.dir/link.txt --verbose=1
/usr/local/bin/gcc    -Wl,-search_paths_first -Wl,-headerpad_max_install_names   CMakeFiles/cmTC_eb698.dir/feature_tests.c.o  -o cmTC_eb698  


    Feature record: C_FEATURE:1c_function_prototypes
    Feature record: C_FEATURE:1c_restrict
    Feature record: C_FEATURE:0c_static_assert
    Feature record: C_FEATURE:1c_variadic_macros


Detecting C [-std=c90] compiler features compiled with the following output:
Change Dir: /Users/jamesmckay/Documents/Programs/relic_density/build/CMakeFiles/CMakeTmp

Run Build Command:"/usr/bin/make" "cmTC_bf386/fast"
/Applications/Xcode.app/Contents/Developer/usr/bin/make -f CMakeFiles/cmTC_bf386.dir/build.make CMakeFiles/cmTC_bf386.dir/build
Building C object CMakeFiles/cmTC_bf386.dir/feature_tests.c.o
/usr/local/bin/gcc    -std=c90 -o CMakeFiles/cmTC_bf386.dir/feature_tests.c.o   -c /Users/jamesmckay/Documents/Programs/relic_density/build/CMakeFiles/feature_tests.c
Linking C executable cmTC_bf386
/usr/local/Cellar/cmake/3.4.0/bin/cmake -E cmake_link_script CMakeFiles/cmTC_bf386.dir/link.txt --verbose=1
/usr/local/bin/gcc    -Wl,-search_paths_first -Wl,-headerpad_max_install_names   CMakeFiles/cmTC_bf386.dir/feature_tests.c.o  -o cmTC_bf386  


    Feature record: C_FEATURE:1c_function_prototypes
    Feature record: C_FEATURE:0c_restrict
    Feature record: C_FEATURE:0c_static_assert
    Feature record: C_FEATURE:0c_variadic_macros
Determining if the CXX compiler works passed with the following output:
Change Dir: /Users/jamesmckay/Documents/Programs/relic_density/build/CMakeFiles/CMakeTmp

Run Build Command:"/usr/bin/make" "cmTC_296d4/fast"
/Applications/Xcode.app/Contents/Developer/usr/bin/make -f CMakeFiles/cmTC_296d4.dir/build.make CMakeFiles/cmTC_296d4.dir/build
Building CXX object CMakeFiles/cmTC_296d4.dir/testCXXCompiler.cxx.o
/usr/local/bin/g++      -o CMakeFiles/cmTC_296d4.dir/testCXXCompiler.cxx.o -c /Users/jamesmckay/Documents/Programs/relic_density/build/CMakeFiles/CMakeTmp/testCXXCompiler.cxx
Linking CXX executable cmTC_296d4
/usr/local/Cellar/cmake/3.4.0/bin/cmake -E cmake_link_script CMakeFiles/cmTC_296d4.dir/link.txt --verbose=1
/usr/local/bin/g++     -Wl,-search_paths_first -Wl,-headerpad_max_install_names   CMakeFiles/cmTC_296d4.dir/testCXXCompiler.cxx.o  -o cmTC_296d4  


Detecting CXX compiler ABI info compiled with the following output:
Change Dir: /Users/jamesmckay/Documents/Programs/relic_density/build/CMakeFiles/CMakeTmp

Run Build Command:"/usr/bin/make" "cmTC_d6b77/fast"
/Applications/Xcode.app/Contents/Developer/usr/bin/make -f CMakeFiles/cmTC_d6b77.dir/build.make CMakeFiles/cmTC_d6b77.dir/build
Building CXX object CMakeFiles/cmTC_d6b77.dir/CMakeCXXCompilerABI.cpp.o
/usr/local/bin/g++      -o CMakeFiles/cmTC_d6b77.dir/CMakeCXXCompilerABI.cpp.o -c /usr/local/Cellar/cmake/3.4.0/share/cmake/Modules/CMakeCXXCompilerABI.cpp
Linking CXX executable cmTC_d6b77
/usr/local/Cellar/cmake/3.4.0/bin/cmake -E cmake_link_script CMakeFiles/cmTC_d6b77.dir/link.txt --verbose=1
/usr/local/bin/g++     -Wl,-search_paths_first -Wl,-headerpad_max_install_names  -v -Wl,-v CMakeFiles/cmTC_d6b77.dir/CMakeCXXCompilerABI.cpp.o  -o cmTC_d6b77   
Using built-in specs.
COLLECT_GCC=/usr/local/bin/g++
COLLECT_LTO_WRAPPER=/usr/local/Cellar/gcc48/4.8.4/libexec/gcc/x86_64-apple-darwin15.0.0/4.8.4/lto-wrapper
Target: x86_64-apple-darwin15.0.0
Configured with: ../configure --build=x86_64-apple-darwin15.0.0 --prefix=/usr/local/Cellar/gcc48/4.8.4 --libdir=/usr/local/Cellar/gcc48/4.8.4/lib/gcc/4.8 --enable-languages=c,c++,objc,obj-c++ --program-suffix=-4.8 --with-gmp=/usr/local/opt/gmp4 --with-mpfr=/usr/local/opt/mpfr2 --with-mpc=/usr/local/opt/libmpc08 --with-cloog=/usr/local/opt/cloog018 --with-isl=/usr/local/opt/isl011 --with-system-zlib --enable-libstdcxx-time=yes --enable-stage1-checking --enable-checking=release --enable-lto --disable-werror --with-pkgversion='Homebrew gcc48 4.8.4' --with-bugurl=https://github.com/Homebrew/homebrew-versions/issues --with-build-config=bootstrap-debug --enable-plugin --disable-nls --enable-multilib
Thread model: posix
gcc version 4.8.4 (Homebrew gcc48 4.8.4) 
COMPILER_PATH=/usr/local/Cellar/gcc48/4.8.4/libexec/gcc/x86_64-apple-darwin15.0.0/4.8.4/:/usr/local/Cellar/gcc48/4.8.4/libexec/gcc/x86_64-apple-darwin15.0.0/4.8.4/:/usr/local/Cellar/gcc48/4.8.4/libexec/gcc/x86_64-apple-darwin15.0.0/:/usr/local/Cellar/gcc48/4.8.4/lib/gcc/4.8/gcc/x86_64-apple-darwin15.0.0/4.8.4/:/usr/local/Cellar/gcc48/4.8.4/lib/gcc/4.8/gcc/x86_64-apple-darwin15.0.0/
LIBRARY_PATH=/usr/local/lib/gcc/5/:/usr/local/Cellar/gcc48/4.8.4/lib/gcc/4.8/gcc/x86_64-apple-darwin15.0.0/4.8.4/:/usr/local/Cellar/gcc48/4.8.4/lib/gcc/4.8/gcc/x86_64-apple-darwin15.0.0/4.8.4/../../../:/usr/lib/
COLLECT_GCC_OPTIONS='-mmacosx-version-min=10.11.0' '-v' '-o' 'cmTC_d6b77' '-shared-libgcc' '-mtune=core2'
 /usr/local/Cellar/gcc48/4.8.4/libexec/gcc/x86_64-apple-darwin15.0.0/4.8.4/collect2 -dynamic -arch x86_64 -macosx_version_min 10.11.0 -weak_reference_mismatches non-weak -o cmTC_d6b77 -L/usr/local/lib/gcc/5 -L/usr/local/Cellar/gcc48/4.8.4/lib/gcc/4.8/gcc/x86_64-apple-darwin15.0.0/4.8.4 -L/usr/local/Cellar/gcc48/4.8.4/lib/gcc/4.8/gcc/x86_64-apple-darwin15.0.0/4.8.4/../../.. -search_paths_first -headerpad_max_install_names -v CMakeFiles/cmTC_d6b77.dir/CMakeCXXCompilerABI.cpp.o -lstdc++ -no_compact_unwind -lSystem -lgcc_ext.10.5 -lgcc -lSystem -v
collect2 version 4.8.4
/usr/bin/ld -dynamic -arch x86_64 -macosx_version_min 10.11.0 -weak_reference_mismatches non-weak -o cmTC_d6b77 -L/usr/local/lib/gcc/5 -L/usr/local/Cellar/gcc48/4.8.4/lib/gcc/4.8/gcc/x86_64-apple-darwin15.0.0/4.8.4 -L/usr/local/Cellar/gcc48/4.8.4/lib/gcc/4.8/gcc/x86_64-apple-darwin15.0.0/4.8.4/../../.. -search_paths_first -headerpad_max_install_names -v CMakeFiles/cmTC_d6b77.dir/CMakeCXXCompilerABI.cpp.o -lstdc++ -no_compact_unwind -lSystem -lgcc_ext.10.5 -lgcc -lSystem -v
@(#)PROGRAM:ld  PROJECT:ld64-253.9
configured to support archs: armv6 armv7 armv7s arm64 i386 x86_64 x86_64h armv6m armv7k armv7m armv7em (tvOS)
@(#)PROGRAM:ld  PROJECT:ld64-253.9
configured to support archs: armv6 armv7 armv7s arm64 i386 x86_64 x86_64h armv6m armv7k armv7m armv7em (tvOS)
Library search paths:
	/usr/local/lib/gcc/5
	/usr/local/Cellar/gcc48/4.8.4/lib/gcc/4.8/gcc/x86_64-apple-darwin15.0.0/4.8.4
	/usr/local/Cellar/gcc48/4.8.4/lib/gcc/4.8
	/usr/lib
	/usr/local/lib
Framework search paths:
	/Library/Frameworks/
	/System/Library/Frameworks/


Parsed CXX implicit link information from above output:
  link line regex: [^( *|.*[/\])(ld|([^/\]+-)?ld|collect2)[^/\]*( |$)]
  ignore line: [Change Dir: /Users/jamesmckay/Documents/Programs/relic_density/build/CMakeFiles/CMakeTmp]
  ignore line: []
  ignore line: [Run Build Command:"/usr/bin/make" "cmTC_d6b77/fast"]
  ignore line: [/Applications/Xcode.app/Contents/Developer/usr/bin/make -f CMakeFiles/cmTC_d6b77.dir/build.make CMakeFiles/cmTC_d6b77.dir/build]
  ignore line: [Building CXX object CMakeFiles/cmTC_d6b77.dir/CMakeCXXCompilerABI.cpp.o]
  ignore line: [/usr/local/bin/g++      -o CMakeFiles/cmTC_d6b77.dir/CMakeCXXCompilerABI.cpp.o -c /usr/local/Cellar/cmake/3.4.0/share/cmake/Modules/CMakeCXXCompilerABI.cpp]
  ignore line: [Linking CXX executable cmTC_d6b77]
  ignore line: [/usr/local/Cellar/cmake/3.4.0/bin/cmake -E cmake_link_script CMakeFiles/cmTC_d6b77.dir/link.txt --verbose=1]
  ignore line: [/usr/local/bin/g++     -Wl,-search_paths_first -Wl,-headerpad_max_install_names  -v -Wl,-v CMakeFiles/cmTC_d6b77.dir/CMakeCXXCompilerABI.cpp.o  -o cmTC_d6b77   ]
  ignore line: [Using built-in specs.]
  ignore line: [COLLECT_GCC=/usr/local/bin/g++]
  ignore line: [COLLECT_LTO_WRAPPER=/usr/local/Cellar/gcc48/4.8.4/libexec/gcc/x86_64-apple-darwin15.0.0/4.8.4/lto-wrapper]
  ignore line: [Target: x86_64-apple-darwin15.0.0]
  ignore line: [Configured with: ../configure --build=x86_64-apple-darwin15.0.0 --prefix=/usr/local/Cellar/gcc48/4.8.4 --libdir=/usr/local/Cellar/gcc48/4.8.4/lib/gcc/4.8 --enable-languages=c,c++,objc,obj-c++ --program-suffix=-4.8 --with-gmp=/usr/local/opt/gmp4 --with-mpfr=/usr/local/opt/mpfr2 --with-mpc=/usr/local/opt/libmpc08 --with-cloog=/usr/local/opt/cloog018 --with-isl=/usr/local/opt/isl011 --with-system-zlib --enable-libstdcxx-time=yes --enable-stage1-checking --enable-checking=release --enable-lto --disable-werror --with-pkgversion='Homebrew gcc48 4.8.4' --with-bugurl=https://github.com/Homebrew/homebrew-versions/issues --with-build-config=bootstrap-debug --enable-plugin --disable-nls --enable-multilib]
  ignore line: [Thread model: posix]
  ignore line: [gcc version 4.8.4 (Homebrew gcc48 4.8.4) ]
  ignore line: [COMPILER_PATH=/usr/local/Cellar/gcc48/4.8.4/libexec/gcc/x86_64-apple-darwin15.0.0/4.8.4/:/usr/local/Cellar/gcc48/4.8.4/libexec/gcc/x86_64-apple-darwin15.0.0/4.8.4/:/usr/local/Cellar/gcc48/4.8.4/libexec/gcc/x86_64-apple-darwin15.0.0/:/usr/local/Cellar/gcc48/4.8.4/lib/gcc/4.8/gcc/x86_64-apple-darwin15.0.0/4.8.4/:/usr/local/Cellar/gcc48/4.8.4/lib/gcc/4.8/gcc/x86_64-apple-darwin15.0.0/]
  ignore line: [LIBRARY_PATH=/usr/local/lib/gcc/5/:/usr/local/Cellar/gcc48/4.8.4/lib/gcc/4.8/gcc/x86_64-apple-darwin15.0.0/4.8.4/:/usr/local/Cellar/gcc48/4.8.4/lib/gcc/4.8/gcc/x86_64-apple-darwin15.0.0/4.8.4/../../../:/usr/lib/]
  ignore line: [COLLECT_GCC_OPTIONS='-mmacosx-version-min=10.11.0' '-v' '-o' 'cmTC_d6b77' '-shared-libgcc' '-mtune=core2']
  link line: [ /usr/local/Cellar/gcc48/4.8.4/libexec/gcc/x86_64-apple-darwin15.0.0/4.8.4/collect2 -dynamic -arch x86_64 -macosx_version_min 10.11.0 -weak_reference_mismatches non-weak -o cmTC_d6b77 -L/usr/local/lib/gcc/5 -L/usr/local/Cellar/gcc48/4.8.4/lib/gcc/4.8/gcc/x86_64-apple-darwin15.0.0/4.8.4 -L/usr/local/Cellar/gcc48/4.8.4/lib/gcc/4.8/gcc/x86_64-apple-darwin15.0.0/4.8.4/../../.. -search_paths_first -headerpad_max_install_names -v CMakeFiles/cmTC_d6b77.dir/CMakeCXXCompilerABI.cpp.o -lstdc++ -no_compact_unwind -lSystem -lgcc_ext.10.5 -lgcc -lSystem -v]
    arg [/usr/local/Cellar/gcc48/4.8.4/libexec/gcc/x86_64-apple-darwin15.0.0/4.8.4/collect2] ==> ignore
    arg [-dynamic] ==> ignore
    arg [-arch] ==> ignore
    arg [x86_64] ==> ignore
    arg [-macosx_version_min] ==> ignore
    arg [10.11.0] ==> ignore
    arg [-weak_reference_mismatches] ==> ignore
    arg [non-weak] ==> ignore
    arg [-o] ==> ignore
    arg [cmTC_d6b77] ==> ignore
    arg [-L/usr/local/lib/gcc/5] ==> dir [/usr/local/lib/gcc/5]
    arg [-L/usr/local/Cellar/gcc48/4.8.4/lib/gcc/4.8/gcc/x86_64-apple-darwin15.0.0/4.8.4] ==> dir [/usr/local/Cellar/gcc48/4.8.4/lib/gcc/4.8/gcc/x86_64-apple-darwin15.0.0/4.8.4]
    arg [-L/usr/local/Cellar/gcc48/4.8.4/lib/gcc/4.8/gcc/x86_64-apple-darwin15.0.0/4.8.4/../../..] ==> dir [/usr/local/Cellar/gcc48/4.8.4/lib/gcc/4.8/gcc/x86_64-apple-darwin15.0.0/4.8.4/../../..]
    arg [-search_paths_first] ==> ignore
    arg [-headerpad_max_install_names] ==> ignore
    arg [-v] ==> ignore
    arg [CMakeFiles/cmTC_d6b77.dir/CMakeCXXCompilerABI.cpp.o] ==> ignore
    arg [-lstdc++] ==> lib [stdc++]
    arg [-no_compact_unwind] ==> ignore
    arg [-lSystem] ==> lib [System]
    arg [-lgcc_ext.10.5] ==> lib [gcc_ext.10.5]
    arg [-lgcc] ==> lib [gcc]
    arg [-lSystem] ==> lib [System]
    arg [-v] ==> ignore
  Library search paths: [;/usr/local/lib/gcc/5;/usr/local/Cellar/gcc48/4.8.4/lib/gcc/4.8/gcc/x86_64-apple-darwin15.0.0/4.8.4;/usr/local/Cellar/gcc48/4.8.4/lib/gcc/4.8;/usr/lib;/usr/local/lib]
  Framework search paths: [;/Library/Frameworks/;/System/Library/Frameworks/]
  remove lib [System]
  remove lib [gcc_ext.10.5]
  remove lib [gcc]
  remove lib [System]
  collapse library dir [/usr/local/lib/gcc/5] ==> [/usr/local/lib/gcc/5]
  collapse library dir [/usr/local/Cellar/gcc48/4.8.4/lib/gcc/4.8/gcc/x86_64-apple-darwin15.0.0/4.8.4] ==> [/usr/local/Cellar/gcc48/4.8.4/lib/gcc/4.8/gcc/x86_64-apple-darwin15.0.0/4.8.4]
  collapse library dir [/usr/local/Cellar/gcc48/4.8.4/lib/gcc/4.8/gcc/x86_64-apple-darwin15.0.0/4.8.4/../../..] ==> [/usr/local/Cellar/gcc48/4.8.4/lib/gcc/4.8]
  collapse library dir [/usr/local/lib/gcc/5] ==> [/usr/local/lib/gcc/5]
  collapse library dir [/usr/local/Cellar/gcc48/4.8.4/lib/gcc/4.8/gcc/x86_64-apple-darwin15.0.0/4.8.4] ==> [/usr/local/Cellar/gcc48/4.8.4/lib/gcc/4.8/gcc/x86_64-apple-darwin15.0.0/4.8.4]
  collapse library dir [/usr/local/Cellar/gcc48/4.8.4/lib/gcc/4.8] ==> [/usr/local/Cellar/gcc48/4.8.4/lib/gcc/4.8]
  collapse library dir [/usr/lib] ==> [/usr/lib]
  collapse library dir [/usr/local/lib] ==> [/usr/local/lib]
  collapse framework dir [/Library/Frameworks/] ==> [/Library/Frameworks]
  collapse framework dir [/System/Library/Frameworks/] ==> [/System/Library/Frameworks]
  implicit libs: [stdc++]
  implicit dirs: [/usr/local/lib/gcc/5;/usr/local/Cellar/gcc48/4.8.4/lib/gcc/4.8/gcc/x86_64-apple-darwin15.0.0/4.8.4;/usr/local/Cellar/gcc48/4.8.4/lib/gcc/4.8;/usr/lib;/usr/local/lib]
  implicit fwks: [/Library/Frameworks;/System/Library/Frameworks]




Detecting CXX [-std=c++1y] compiler features compiled with the following output:
Change Dir: /Users/jamesmckay/Documents/Programs/relic_density/build/CMakeFiles/CMakeTmp

Run Build Command:"/usr/bin/make" "cmTC_235e4/fast"
/Applications/Xcode.app/Contents/Developer/usr/bin/make -f CMakeFiles/cmTC_235e4.dir/build.make CMakeFiles/cmTC_235e4.dir/build
Building CXX object CMakeFiles/cmTC_235e4.dir/feature_tests.cxx.o
/usr/local/bin/g++     -std=c++1y -o CMakeFiles/cmTC_235e4.dir/feature_tests.cxx.o -c /Users/jamesmckay/Documents/Programs/relic_density/build/CMakeFiles/feature_tests.cxx
Linking CXX executable cmTC_235e4
/usr/local/Cellar/cmake/3.4.0/bin/cmake -E cmake_link_script CMakeFiles/cmTC_235e4.dir/link.txt --verbose=1
/usr/local/bin/g++     -Wl,-search_paths_first -Wl,-headerpad_max_install_names   CMakeFiles/cmTC_235e4.dir/feature_tests.cxx.o  -o cmTC_235e4  


    Feature record: CXX_FEATURE:0cxx_aggregate_default_initializers
    Feature record: CXX_FEATURE:1cxx_alias_templates
    Feature record: CXX_FEATURE:1cxx_alignas
    Feature record: CXX_FEATURE:1cxx_alignof
    Feature record: CXX_FEATURE:1cxx_attributes
    Feature record: CXX_FEATURE:0cxx_attribute_deprecated
    Feature record: CXX_FEATURE:1cxx_auto_type
    Feature record: CXX_FEATURE:0cxx_binary_literals
    Feature record: CXX_FEATURE:1cxx_constexpr
    Feature record: CXX_FEATURE:0cxx_contextual_conversions
    Feature record: CXX_FEATURE:1cxx_decltype
    Feature record: CXX_FEATURE:0cxx_decltype_auto
    Feature record: CXX_FEATURE:1cxx_decltype_incomplete_return_types
    Feature record: CXX_FEATURE:1cxx_default_function_template_args
    Feature record: CXX_FEATURE:1cxx_defaulted_functions
    Feature record: CXX_FEATURE:1cxx_defaulted_move_initializers
    Feature record: CXX_FEATURE:1cxx_delegating_constructors
    Feature record: CXX_FEATURE:1cxx_deleted_functions
    Feature record: CXX_FEATURE:0cxx_digit_separators
    Feature record: CXX_FEATURE:1cxx_enum_forward_declarations
    Feature record: CXX_FEATURE:1cxx_explicit_conversions
    Feature record: CXX_FEATURE:1cxx_extended_friend_declarations
    Feature record: CXX_FEATURE:1cxx_extern_templates
    Feature record: CXX_FEATURE:1cxx_final
    Feature record: CXX_FEATURE:1cxx_func_identifier
    Feature record: CXX_FEATURE:1cxx_generalized_initializers
    Feature record: CXX_FEATURE:0cxx_generic_lambdas
    Feature record: CXX_FEATURE:1cxx_inheriting_constructors
    Feature record: CXX_FEATURE:1cxx_inline_namespaces
    Feature record: CXX_FEATURE:1cxx_lambdas
    Feature record: CXX_FEATURE:0cxx_lambda_init_captures
    Feature record: CXX_FEATURE:1cxx_local_type_template_args
    Feature record: CXX_FEATURE:1cxx_long_long_type
    Feature record: CXX_FEATURE:1cxx_noexcept
    Feature record: CXX_FEATURE:1cxx_nonstatic_member_init
    Feature record: CXX_FEATURE:1cxx_nullptr
    Feature record: CXX_FEATURE:1cxx_override
    Feature record: CXX_FEATURE:1cxx_range_for
    Feature record: CXX_FEATURE:1cxx_raw_string_literals
    Feature record: CXX_FEATURE:1cxx_reference_qualified_functions
    Feature record: CXX_FEATURE:0cxx_relaxed_constexpr
    Feature record: CXX_FEATURE:0cxx_return_type_deduction
    Feature record: CXX_FEATURE:1cxx_right_angle_brackets
    Feature record: CXX_FEATURE:1cxx_rvalue_references
    Feature record: CXX_FEATURE:1cxx_sizeof_member
    Feature record: CXX_FEATURE:1cxx_static_assert
    Feature record: CXX_FEATURE:1cxx_strong_enums
    Feature record: CXX_FEATURE:1cxx_template_template_parameters
    Feature record: CXX_FEATURE:1cxx_thread_local
    Feature record: CXX_FEATURE:1cxx_trailing_return_types
    Feature record: CXX_FEATURE:1cxx_unicode_literals
    Feature record: CXX_FEATURE:1cxx_uniform_initialization
    Feature record: CXX_FEATURE:1cxx_unrestricted_unions
    Feature record: CXX_FEATURE:1cxx_user_literals
    Feature record: CXX_FEATURE:0cxx_variable_templates
    Feature record: CXX_FEATURE:1cxx_variadic_macros
    Feature record: CXX_FEATURE:1cxx_variadic_templates


Detecting CXX [-std=c++11] compiler features compiled with the following output:
Change Dir: /Users/jamesmckay/Documents/Programs/relic_density/build/CMakeFiles/CMakeTmp

Run Build Command:"/usr/bin/make" "cmTC_5eb7b/fast"
/Applications/Xcode.app/Contents/Developer/usr/bin/make -f CMakeFiles/cmTC_5eb7b.dir/build.make CMakeFiles/cmTC_5eb7b.dir/build
Building CXX object CMakeFiles/cmTC_5eb7b.dir/feature_tests.cxx.o
/usr/local/bin/g++     -std=c++11 -o CMakeFiles/cmTC_5eb7b.dir/feature_tests.cxx.o -c /Users/jamesmckay/Documents/Programs/relic_density/build/CMakeFiles/feature_tests.cxx
Linking CXX executable cmTC_5eb7b
/usr/local/Cellar/cmake/3.4.0/bin/cmake -E cmake_link_script CMakeFiles/cmTC_5eb7b.dir/link.txt --verbose=1
/usr/local/bin/g++     -Wl,-search_paths_first -Wl,-headerpad_max_install_names   CMakeFiles/cmTC_5eb7b.dir/feature_tests.cxx.o  -o cmTC_5eb7b  


    Feature record: CXX_FEATURE:0cxx_aggregate_default_initializers
    Feature record: CXX_FEATURE:1cxx_alias_templates
    Feature record: CXX_FEATURE:1cxx_alignas
    Feature record: CXX_FEATURE:1cxx_alignof
    Feature record: CXX_FEATURE:1cxx_attributes
    Feature record: CXX_FEATURE:0cxx_attribute_deprecated
    Feature record: CXX_FEATURE:1cxx_auto_type
    Feature record: CXX_FEATURE:0cxx_binary_literals
    Feature record: CXX_FEATURE:1cxx_constexpr
    Feature record: CXX_FEATURE:0cxx_contextual_conversions
    Feature record: CXX_FEATURE:1cxx_decltype
    Feature record: CXX_FEATURE:0cxx_decltype_auto
    Feature record: CXX_FEATURE:1cxx_decltype_incomplete_return_types
    Feature record: CXX_FEATURE:1cxx_default_function_template_args
    Feature record: CXX_FEATURE:1cxx_defaulted_functions
    Feature record: CXX_FEATURE:1cxx_defaulted_move_initializers
    Feature record: CXX_FEATURE:1cxx_delegating_constructors
    Feature record: CXX_FEATURE:1cxx_deleted_functions
    Feature record: CXX_FEATURE:0cxx_digit_separators
    Feature record: CXX_FEATURE:1cxx_enum_forward_declarations
    Feature record: CXX_FEATURE:1cxx_explicit_conversions
    Feature record: CXX_FEATURE:1cxx_extended_friend_declarations
    Feature record: CXX_FEATURE:1cxx_extern_templates
    Feature record: CXX_FEATURE:1cxx_final
    Feature record: CXX_FEATURE:1cxx_func_identifier
    Feature record: CXX_FEATURE:1cxx_generalized_initializers
    Feature record: CXX_FEATURE:0cxx_generic_lambdas
    Feature record: CXX_FEATURE:1cxx_inheriting_constructors
    Feature record: CXX_FEATURE:1cxx_inline_namespaces
    Feature record: CXX_FEATURE:1cxx_lambdas
    Feature record: CXX_FEATURE:0cxx_lambda_init_captures
    Feature record: CXX_FEATURE:1cxx_local_type_template_args
    Feature record: CXX_FEATURE:1cxx_long_long_type
    Feature record: CXX_FEATURE:1cxx_noexcept
    Feature record: CXX_FEATURE:1cxx_nonstatic_member_init
    Feature record: CXX_FEATURE:1cxx_nullptr
    Feature record: CXX_FEATURE:1cxx_override
    Feature record: CXX_FEATURE:1cxx_range_for
    Feature record: CXX_FEATURE:1cxx_raw_string_literals
    Feature record: CXX_FEATURE:1cxx_reference_qualified_functions
    Feature record: CXX_FEATURE:0cxx_relaxed_constexpr
    Feature record: CXX_FEATURE:0cxx_return_type_deduction
    Feature record: CXX_FEATURE:1cxx_right_angle_brackets
    Feature record: CXX_FEATURE:1cxx_rvalue_references
    Feature record: CXX_FEATURE:1cxx_sizeof_member
    Feature record: CXX_FEATURE:1cxx_static_assert
    Feature record: CXX_FEATURE:1cxx_strong_enums
    Feature record: CXX_FEATURE:1cxx_template_template_parameters
    Feature record: CXX_FEATURE:1cxx_thread_local
    Feature record: CXX_FEATURE:1cxx_trailing_return_types
    Feature record: CXX_FEATURE:1cxx_unicode_literals
    Feature record: CXX_FEATURE:1cxx_uniform_initialization
    Feature record: CXX_FEATURE:1cxx_unrestricted_unions
    Feature record: CXX_FEATURE:1cxx_user_literals
    Feature record: CXX_FEATURE:0cxx_variable_templates
    Feature record: CXX_FEATURE:1cxx_variadic_macros
    Feature record: CXX_FEATURE:1cxx_variadic_templates


Detecting CXX [-std=c++98] compiler features compiled with the following output:
Change Dir: /Users/jamesmckay/Documents/Programs/relic_density/build/CMakeFiles/CMakeTmp

Run Build Command:"/usr/bin/make" "cmTC_2bfa7/fast"
/Applications/Xcode.app/Contents/Developer/usr/bin/make -f CMakeFiles/cmTC_2bfa7.dir/build.make CMakeFiles/cmTC_2bfa7.dir/build
Building CXX object CMakeFiles/cmTC_2bfa7.dir/feature_tests.cxx.o
/usr/local/bin/g++     -std=c++98 -o CMakeFiles/cmTC_2bfa7.dir/feature_tests.cxx.o -c /Users/jamesmckay/Documents/Programs/relic_density/build/CMakeFiles/feature_tests.cxx
Linking CXX executable cmTC_2bfa7
/usr/local/Cellar/cmake/3.4.0/bin/cmake -E cmake_link_script CMakeFiles/cmTC_2bfa7.dir/link.txt --verbose=1
/usr/local/bin/g++     -Wl,-search_paths_first -Wl,-headerpad_max_install_names   CMakeFiles/cmTC_2bfa7.dir/feature_tests.cxx.o  -o cmTC_2bfa7  


    Feature record: CXX_FEATURE:0cxx_aggregate_default_initializers
    Feature record: CXX_FEATURE:0cxx_alias_templates
    Feature record: CXX_FEATURE:0cxx_alignas
    Feature record: CXX_FEATURE:0cxx_alignof
    Feature record: CXX_FEATURE:0cxx_attributes
    Feature record: CXX_FEATURE:0cxx_attribute_deprecated
    Feature record: CXX_FEATURE:0cxx_auto_type
    Feature record: CXX_FEATURE:0cxx_binary_literals
    Feature record: CXX_FEATURE:0cxx_constexpr
    Feature record: CXX_FEATURE:0cxx_contextual_conversions
    Feature record: CXX_FEATURE:0cxx_decltype
    Feature record: CXX_FEATURE:0cxx_decltype_auto
    Feature record: CXX_FEATURE:0cxx_decltype_incomplete_return_types
    Feature record: CXX_FEATURE:0cxx_default_function_template_args
    Feature record: CXX_FEATURE:0cxx_defaulted_functions
    Feature record: CXX_FEATURE:0cxx_defaulted_move_initializers
    Feature record: CXX_FEATURE:0cxx_delegating_constructors
    Feature record: CXX_FEATURE:0cxx_deleted_functions
    Feature record: CXX_FEATURE:0cxx_digit_separators
    Feature record: CXX_FEATURE:0cxx_enum_forward_declarations
    Feature record: CXX_FEATURE:0cxx_explicit_conversions
    Feature record: CXX_FEATURE:0cxx_extended_friend_declarations
    Feature record: CXX_FEATURE:0cxx_extern_templates
    Feature record: CXX_FEATURE:0cxx_final
    Feature record: CXX_FEATURE:0cxx_func_identifier
    Feature record: CXX_FEATURE:0cxx_generalized_initializers
    Feature record: CXX_FEATURE:0cxx_generic_lambdas
    Feature record: CXX_FEATURE:0cxx_inheriting_constructors
    Feature record: CXX_FEATURE:0cxx_inline_namespaces
    Feature record: CXX_FEATURE:0cxx_lambdas
    Feature record: CXX_FEATURE:0cxx_lambda_init_captures
    Feature record: CXX_FEATURE:0cxx_local_type_template_args
    Feature record: CXX_FEATURE:0cxx_long_long_type
    Feature record: CXX_FEATURE:0cxx_noexcept
    Feature record: CXX_FEATURE:0cxx_nonstatic_member_init
    Feature record: CXX_FEATURE:0cxx_nullptr
    Feature record: CXX_FEATURE:0cxx_override
    Feature record: CXX_FEATURE:0cxx_range_for
    Feature record: CXX_FEATURE:0cxx_raw_string_literals
    Feature record: CXX_FEATURE:0cxx_reference_qualified_functions
    Feature record: CXX_FEATURE:0cxx_relaxed_constexpr
    Feature record: CXX_FEATURE:0cxx_return_type_deduction
    Feature record: CXX_FEATURE:0cxx_right_angle_brackets
    Feature record: CXX_FEATURE:0cxx_rvalue_references
    Feature record: CXX_FEATURE:0cxx_sizeof_member
    Feature record: CXX_FEATURE:0cxx_static_assert
    Feature record: CXX_FEATURE:0cxx_strong_enums
    Feature record: CXX_FEATURE:1cxx_template_template_parameters
    Feature record: CXX_FEATURE:0cxx_thread_local
    Feature record: CXX_FEATURE:0cxx_trailing_return_types
    Feature record: CXX_FEATURE:0cxx_unicode_literals
    Feature record: CXX_FEATURE:0cxx_uniform_initialization
    Feature record: CXX_FEATURE:0cxx_unrestricted_unions
    Feature record: CXX_FEATURE:0cxx_user_literals
    Feature record: CXX_FEATURE:0cxx_variable_templates
    Feature record: CXX_FEATURE:0cxx_variadic_macros
    Feature record: CXX_FEATURE:0cxx_variadic_templates
